Name                                          Stmts   Miss  Cover   Missing
---------------------------------------------------------------------------
mesa_memory/adapter/base.py                      24      1    96%   16
mesa_memory/adapter/claude.py                   106     32    70%   20-21, 28-29, 42-56, 61-80, 89, 144, 170-171, 201-202
mesa_memory/adapter/factory.py                   62     26    58%   32, 39-42, 45, 48, 51, 54, 57, 60, 78-80, 96, 113-141
mesa_memory/adapter/live.py                     153     69    55%   33, 45-63, 89-96, 98-103, 129-136, 138-143, 165-170, 197-202, 225-230, 259-264, 267
mesa_memory/adapter/ollama.py                    37      0   100%
mesa_memory/adapter/tokenizer.py                 24      1    96%   20
mesa_memory/api/server.py                       179     31    83%   49, 151-166, 179-180, 191-192, 206-207, 218-219, 221-223, 228-229, 231-233, 259-260, 267-268, 275-276, 289, 303
mesa_memory/config.py                           157     12    92%   92, 265-267, 318-338
mesa_memory/consolidation/lock.py                53      3    94%   10, 67-68
mesa_memory/consolidation/loop.py               253     11    96%   83-94, 411, 415, 445, 598
mesa_memory/consolidation/parser.py              94     10    89%   148-150, 153-155, 167, 174-175, 215
mesa_memory/consolidation/router.py             115     20    83%   138-153, 313-316, 348-371
mesa_memory/consolidation/schemas.py             16      1    94%   42
mesa_memory/consolidation/validator.py           44      0   100%
mesa_memory/consolidation/writer.py             111     19    83%   83, 88-107, 152-153, 221-222, 257-265, 298, 323, 330
mesa_memory/extraction/rebel_pipeline.py         87      8    91%   7-8, 54-56, 74-75, 129
mesa_memory/extraction/triplet_extractor.py     144     11    92%   130-132, 261-262, 305-306, 367-372
mesa_memory/observability/metrics.py             84      5    94%   85-86, 161-164
mesa_memory/retrieval/core.py                    37      7    81%   12-14, 30-31, 44, 54
mesa_memory/retrieval/hybrid.py                 157     17    89%   76, 122-127, 145-160, 212, 229, 234-235, 372, 379, 385
mesa_memory/security/rbac.py                     65      1    98%   75
mesa_memory/security/rbac_constants.py            4      0   100%
mesa_memory/utils.py                              8      0   100%
mesa_memory/valence/__init__.py                   3      0   100%
mesa_memory/valence/core.py                     112     10    91%   26, 54, 94-95, 133-141, 234, 238
mesa_memory/valence/drift.py                     16      0   100%
mesa_memory/valence/novelty.py                   36      0   100%
mesa_storage/__init__.py                          5      0   100%
mesa_storage/dao.py                             432    111    74%   145, 187, 192, 206, 215-224, 229-239, 242, 250-252, 272-274, 290-366, 435, 484-499, 526-527, 614-638, 662-663, 808-815, 1035, 1109-1119, 1203-1210, 1222-1223, 1310-1331, 1423-1432, 1590
mesa_storage/kuzu_provider.py                   176     38    78%   201-202, 205, 217, 221, 259-264, 278-299, 522, 619-663, 700-702, 727
mesa_storage/kuzu_setup.py                       28      2    93%   154, 159
mesa_storage/schemas.py                         135      7    95%   226, 281, 294, 307, 457-458, 478
mesa_storage/sqlite_engine.py                   158     10    94%   210, 225, 275-276, 308-309, 348, 391-393
mesa_storage/vector_engine.py                   517    112    78%   239, 261-266, 284, 305, 319-335, 339-343, 348-373, 439-445, 501-506, 540, 547, 550-554, 559, 562-563, 577, 589-590, 660-661, 679-683, 721, 732-741, 764, 772-778, 808, 823-824, 851, 865-867, 896-898, 1087-1108, 1131, 1137, 1170, 1176-1177, 1231-1232, 1255-1256, 1285-1286, 1291-1292, 1303-1304, 1333-1334, 1341-1342, 1366, 1369
mesa_workers/__init__.py                          0      0   100%
mesa_workers/ingestion_worker.py                260     37    86%   83-85, 130-131, 231, 335-356, 360-361, 383-390, 491, 504-509, 512-513, 572, 589, 641, 758-764, 771-772, 843-844
mesa_workers/maintenance.py                     249     19    92%   248, 288-304, 563, 594-595, 647-651
mesa_workers/maintenance_pagerank.py            105      6    94%   418, 427-431
mesa_workers/rem_cycle.py                       229     40    83%   486-487, 490, 521, 527-536, 564-603, 649, 654-655, 658-659
---------------------------------------------------------------------------
TOTAL                                          4475    677    85%
